#
# There is insufficient memory for the Java Runtime Environment to continue.
# Native memory allocation (mmap) failed to map 199229440 bytes. Error detail: G1 virtual space
# Possible reasons:
#   The system is out of physical RAM or swap space
#   This process is running with CompressedOops enabled, and the Java Heap may be blocking the growth of the native heap
# Possible solutions:
#   Reduce memory load on the system
#   Increase physical memory or swap space
#   Check if swap backing store is full
#   Decrease Java heap size (-Xmx/-Xms)
#   Decrease number of Java threads
#   Decrease Java thread stack sizes (-Xss)
#   Set larger code cache with -XX:ReservedCodeCacheSize=
#   JVM is running with Zero Based Compressed Oops mode in which the Java heap is
#     placed in the first 32GB address space. The Java Heap base address is the
#     maximum limit for the native heap growth. Please use -XX:HeapBaseMinAddress
#     to set the Java Heap base and to place the Java Heap above 32GB virtual address.
# This output file may be truncated or incomplete.
#
#  Out of Memory Error (os_windows.cpp:3714), pid=19364, tid=9284
#
# JRE version:  (21.0.11+10) (build )
# Java VM: OpenJDK 64-Bit Server VM (21.0.11+10-LTS, mixed mode, sharing, tiered, compressed oops, compressed class ptrs, g1 gc, windows-amd64)
# No core dump will be written. Minidumps are not enabled by default on client versions of Windows
#

---------------  S U M M A R Y ------------

Command Line: org.jetbrains.kotlin.cli.jvm.K2JVMCompiler @C:\tools\flutter\flutter\packages\flutter_tools\gradle\build\20260708_7153370007334817548.compiler.options

Host: Intel(R) Core(TM) i7-8750H CPU @ 2.20GHz, 12 cores, 11G,  Windows 11 , 64 bit Build 26100 (10.0.26100.8521)
Time: Wed Jul  8 01:30:23 2026 SE Asia Standard Time elapsed time: 0.011372 seconds (0d 0h 0m 0s)

---------------  T H R E A D  ---------------

Current thread (0x0000019d1b32f350):  JavaThread "Unknown thread" [_thread_in_vm, id=9284, stack(0x0000003caaa00000,0x0000003caab00000) (1024K)]

Stack: [0x0000003caaa00000,0x0000003caab00000]
Native frames: (J=compiled Java code, j=interpreted, Vv=VM code, C=native code)
V  [jvm.dll+0x6d7e19]
V  [jvm.dll+0x8b5096]
V  [jvm.dll+0x8b764e]
V  [jvm.dll+0x8b7d33]
V  [jvm.dll+0x284596]
V  [jvm.dll+0x6d4735]
V  [jvm.dll+0x6c845a]
V  [jvm.dll+0x35ef08]
V  [jvm.dll+0x366b46]
V  [jvm.dll+0x3b7c2e]
V  [jvm.dll+0x3b7ed8]
V  [jvm.dll+0x33310c]
V  [jvm.dll+0x333c5b]
V  [jvm.dll+0x87f04b]
V  [jvm.dll+0x3c4bb1]
V  [jvm.dll+0x868295]
V  [jvm.dll+0x457c41]
V  [jvm.dll+0x459831]
C  [jli.dll+0x52dc]
C  [ucrtbase.dll+0x2cd30]
C  [KERNEL32.DLL+0x2e957]
C  [ntdll.dll+0x87c1c]


---------------  P R O C E S S  ---------------

Threads class SMR info:
_java_thread_list=0x00007ff8d91db1c8, length=0, elements={
}

Java Threads: ( => current thread )
Total: 0

Other Threads:
  0x0000019d1b380ce0 WorkerThread "GC Thread#0"                     [id=15772, stack(0x0000003caab00000,0x0000003caac00000) (1024K)]
  0x0000019d1b38dab0 ConcurrentGCThread "G1 Main Marker"            [id=24428, stack(0x0000003caac00000,0x0000003caad00000) (1024K)]
  0x0000019d1b390930 WorkerThread "G1 Conc#0"                       [id=21140, stack(0x0000003caad00000,0x0000003caae00000) (1024K)]

[error occurred during error reporting (printing all threads), id 0xc0000005, EXCEPTION_ACCESS_VIOLATION (0xc0000005) at pc=0x00007ff8d88d57f7]
VM state: not at safepoint (not fully initialized)

VM Mutex/Monitor currently owned by a thread:  ([mutex/lock_event])
[0x00007ff8d924f670] Heap_lock - owner thread: 0x0000019d1b32f350

Heap address: 0x0000000743800000, size: 3016 MB, Compressed Oops mode: Zero based, Oop shift amount: 3

CDS archive(s) mapped at: [0x0000000000000000-0x0000000000000000-0x0000000000000000), size 0, SharedBaseAddress: 0x0000000800000000, ArchiveRelocationMode: 1.
Narrow klass base: 0x0000000000000000, Narrow klass shift: 0, Narrow klass range: 0x0

GC Precious Log:
 CardTable entry size: 512
 Card Set container configuration: InlinePtr #cards 4 size 8 Array Of Cards #cards 16 size 48 Howl #buckets 8 coarsen threshold 3686 Howl Bitmap #cards 512 size 80 coarsen threshold 460 Card regions per heap region 1 cards per card region 4096

Heap:
 garbage-first heap   total 0K, used 0K [0x0000000743800000, 0x0000000800000000)
  region size 2048K, 0 young (0K), 0 survivors (0K)

[error occurred during error reporting (printing heap information), id 0xc0000005, EXCEPTION_ACCESS_VIOLATION (0xc0000005) at pc=0x00007ff8d8cc1789]
GC Heap History (0 events):
No events

Dll operation events (1 events):
Event: 0.008 Loaded shared library C:\Users\Catastrophia\.antigravity-ide\extensions\redhat.java-1.55.0-win32-x64\jre\21.0.11-win32-x86_64\bin\java.dll

Deoptimization events (0 events):
No events

Classes loaded (0 events):
No events

Classes unloaded (0 events):
No events

Classes redefined (0 events):
No events

Internal exceptions (0 events):
No events

ZGC Phase Switch (0 events):
No events

VM Operations (0 events):
No events

Memory protections (0 events):
No events

Nmethod flushes (0 events):
No events

Events (0 events):
No events


Dynamic libraries:
0x00007ff637e80000 - 0x00007ff637e8e000 	C:\Users\Catastrophia\.antigravity-ide\extensions\redhat.java-1.55.0-win32-x64\jre\21.0.11-win32-x86_64\bin\java.exe
0x00007ff9b0aa0000 - 0x00007ff9b0d06000 	C:\Windows\SYSTEM32\ntdll.dll
0x00007ff9ae970000 - 0x00007ff9aea39000 	C:\Windows\System32\KERNEL32.DLL
0x00007ff9ae0b0000 - 0x00007ff9ae4aa000 	C:\Windows\System32\KERNELBASE.dll
0x00007ff9adde0000 - 0x00007ff9adf2c000 	C:\Windows\System32\ucrtbase.dll
0x00007ff97b8b0000 - 0x00007ff97b8c8000 	C:\Users\Catastrophia\.antigravity-ide\extensions\redhat.java-1.55.0-win32-x64\jre\21.0.11-win32-x86_64\bin\jli.dll
0x00007ff97a930000 - 0x00007ff97a94e000 	C:\Users\Catastrophia\.antigravity-ide\extensions\redhat.java-1.55.0-win32-x64\jre\21.0.11-win32-x86_64\bin\VCRUNTIME140.dll
0x00007ff9afbb0000 - 0x00007ff9afd77000 	C:\Windows\System32\USER32.dll
0x00007ff9ae4b0000 - 0x00007ff9ae4d7000 	C:\Windows\System32\win32u.dll
0x00007ff995bb0000 - 0x00007ff995e42000 	C:\Windows\WinSxS\amd64_microsoft.windows.common-controls_6595b64144ccf1df_6.0.26100.8521_none_3e08b75ce33403b3\COMCTL32.dll
0x00007ff9b0880000 - 0x00007ff9b08ab000 	C:\Windows\System32\GDI32.dll
0x00007ff9aff00000 - 0x00007ff9affa9000 	C:\Windows\System32\msvcrt.dll
0x00007ff9ae5a0000 - 0x00007ff9ae6cb000 	C:\Windows\System32\gdi32full.dll
0x00007ff9ae6d0000 - 0x00007ff9ae773000 	C:\Windows\System32\msvcp_win.dll
0x00007ff9b04f0000 - 0x00007ff9b0522000 	C:\Windows\System32\IMM32.DLL
0x00007ff98e020000 - 0x00007ff98e02c000 	C:\Users\Catastrophia\.antigravity-ide\extensions\redhat.java-1.55.0-win32-x64\jre\21.0.11-win32-x86_64\bin\vcruntime140_1.dll
0x00007ff96f3f0000 - 0x00007ff96f47d000 	C:\Users\Catastrophia\.antigravity-ide\extensions\redhat.java-1.55.0-win32-x64\jre\21.0.11-win32-x86_64\bin\msvcp140.dll
0x00007ff8d8590000 - 0x00007ff8d9332000 	C:\Users\Catastrophia\.antigravity-ide\extensions\redhat.java-1.55.0-win32-x64\jre\21.0.11-win32-x86_64\bin\server\jvm.dll
0x00007ff9b07c0000 - 0x00007ff9b0876000 	C:\Windows\System32\ADVAPI32.dll
0x00007ff9affb0000 - 0x00007ff9b005a000 	C:\Windows\System32\sechost.dll
0x00007ff9b06a0000 - 0x00007ff9b07b8000 	C:\Windows\System32\RPCRT4.dll
0x00007ff9b08c0000 - 0x00007ff9b0940000 	C:\Windows\System32\WS2_32.dll
0x00007ff9ad4a0000 - 0x00007ff9ad4fe000 	C:\Windows\SYSTEM32\POWRPROF.dll
0x00007ff9a4570000 - 0x00007ff9a457b000 	C:\Windows\SYSTEM32\VERSION.dll
0x00007ff99e840000 - 0x00007ff99e876000 	C:\Windows\SYSTEM32\WINMM.dll
0x00007ff9ad480000 - 0x00007ff9ad494000 	C:\Windows\SYSTEM32\UMPDC.dll
0x00007ff9acac0000 - 0x00007ff9acadb000 	C:\Windows\SYSTEM32\kernel.appcore.dll
0x00007ff98cb40000 - 0x00007ff98cb4a000 	C:\Users\Catastrophia\.antigravity-ide\extensions\redhat.java-1.55.0-win32-x64\jre\21.0.11-win32-x86_64\bin\jimage.dll
0x00007ff9ab440000 - 0x00007ff9ab682000 	C:\Windows\SYSTEM32\DBGHELP.DLL
0x00007ff9aed90000 - 0x00007ff9af113000 	C:\Windows\System32\combase.dll
0x00007ff9afad0000 - 0x00007ff9afba9000 	C:\Windows\System32\OLEAUT32.dll
0x00007ff996fc0000 - 0x00007ff996ffb000 	C:\Windows\SYSTEM32\dbgcore.DLL
0x00007ff9add30000 - 0x00007ff9addd8000 	C:\Windows\System32\bcryptPrimitives.dll
0x00007ff97a910000 - 0x00007ff97a930000 	C:\Users\Catastrophia\.antigravity-ide\extensions\redhat.java-1.55.0-win32-x64\jre\21.0.11-win32-x86_64\bin\java.dll

JVMTI agents: none

dbghelp: loaded successfully - version: 4.0.5 - missing functions: none
symbol engine: initialized successfully - sym options: 0x614 - pdb path: .;C:\Users\Catastrophia\.antigravity-ide\extensions\redhat.java-1.55.0-win32-x64\jre\21.0.11-win32-x86_64\bin;C:\Windows\SYSTEM32;C:\Windows\WinSxS\amd64_microsoft.windows.common-controls_6595b64144ccf1df_6.0.26100.8521_none_3e08b75ce33403b3;C:\Users\Catastrophia\.antigravity-ide\extensions\redhat.java-1.55.0-win32-x64\jre\21.0.11-win32-x86_64\bin\server

VM Arguments:
java_command: org.jetbrains.kotlin.cli.jvm.K2JVMCompiler @C:\tools\flutter\flutter\packages\flutter_tools\gradle\build\20260708_7153370007334817548.compiler.options
java_class_path (initial): C:\Users\Catastrophia\.gradle\caches\modules-2\files-2.1\org.jetbrains.kotlin\kotlin-compiler-embeddable\2.2.20\bb8331b7585e36ea311825b01a1c06860c055fd1\kotlin-compiler-embeddable-2.2.20.jar;C:\Users\Catastrophia\.gradle\caches\modules-2\files-2.1\org.jetbrains.kotlin\kotlin-stdlib\2.2.20\5380b19fa1924399b62ce3a1faffebb2b4f82272\kotlin-stdlib-2.2.20.jar;C:\Users\Catastrophia\.gradle\caches\modules-2\files-2.1\org.jetbrains.kotlin\kotlin-script-runtime\2.2.20\4c679cbeac0bb583b75c3a080013da8eaf240807\kotlin-script-runtime-2.2.20.jar;C:\Users\Catastrophia\.gradle\caches\modules-2\files-2.1\org.jetbrains.kotlin\kotlin-reflect\1.6.10\1cbe9c92c12a94eea200d23c2bbaedaf3daf5132\kotlin-reflect-1.6.10.jar;C:\Users\Catastrophia\.gradle\caches\modules-2\files-2.1\org.jetbrains.kotlin\kotlin-daemon-embeddable\2.2.20\feff12d48d7f1eb628742b0a721395e16f8755bf\kotlin-daemon-embeddable-2.2.20.jar;C:\Users\Catastrophia\.gradle\caches\modules-2\files-2.1\org.jetbrains.kotlinx\kotlinx-coroutines-core-jvm\1.8.0\ac1dc37a30a93150b704022f8d895ee1bd3a36b3\kotlinx-coroutines-core-jvm-1.8.0.jar;C:\Users\Catastrophia\.gradle\caches\modules-2\files-2.1\org.jetbrains\annotations\13.0\919f0dfe192fb4e063e7dacadee7f8bb9a2672a9\annotations-13.0.jar
Launcher Type: SUN_STANDARD

[Global flags]
     intx CICompilerCount                          = 4                                         {product} {ergonomic}
     uint ConcGCThreads                            = 3                                         {product} {ergonomic}
     uint G1ConcRefinementThreads                  = 10                                        {product} {ergonomic}
   size_t G1HeapRegionSize                         = 2097152                                   {product} {ergonomic}
    uintx GCDrainStackTargetSize                   = 64                                        {product} {ergonomic}
   size_t InitialHeapSize                          = 199229440                                 {product} {ergonomic}
   size_t MarkStackSize                            = 4194304                                   {product} {ergonomic}
   size_t MaxHeapSize                              = 3162505216                                {product} {ergonomic}
   size_t MinHeapDeltaBytes                        = 2097152                                   {product} {ergonomic}
   size_t MinHeapSize                              = 8388608                                   {product} {ergonomic}
    uintx NonNMethodCodeHeapSize                   = 5839372                                {pd product} {ergonomic}
    uintx NonProfiledCodeHeapSize                  = 122909434                              {pd product} {ergonomic}
    uintx ProfiledCodeHeapSize                     = 122909434                              {pd product} {ergonomic}
    uintx ReservedCodeCacheSize                    = 251658240                              {pd product} {ergonomic}
     bool SegmentedCodeCache                       = true                                      {product} {ergonomic}
   size_t SoftMaxHeapSize                          = 3162505216                             {manageable} {ergonomic}
     bool UseCompressedOops                        = true                           {product lp64_product} {ergonomic}
     bool UseG1GC                                  = true                                      {product} {ergonomic}
     bool UseLargePagesIndividualAllocation        = false                                  {pd product} {ergonomic}

Logging:
Log output configuration:
 #0: stdout all=warning uptime,level,tags foldmultilines=false
 #1: stderr all=off uptime,level,tags foldmultilines=false

Release file:
<release file has not been read>
Environment Variables:
JAVA_HOME=C:\Users\Catastrophia\.antigravity-ide\extensions\redhat.java-1.55.0-win32-x64\jre\21.0.11-win32-x86_64
CLASSPATH=E:\Project's\Mobile\Economic\financier\android\\gradle\wrapper\gradle-wrapper.jar
PATH=C:\Users\Catastrophia\.antigravity-ide\extensions\redhat.java-1.55.0-win32-x64\jre\21.0.11-win32-x86_64\bin;C:\Windows\system32;C:\Windows;C:\Windows\System32\Wbem;C:\Windows\System32\WindowsPowerShell\v1.0\;C:\Windows\System32\OpenSSH\;C:\Program Files\nodejs\;C:\ProgramData\ComposerSetup\bin;C:\xampp\php;E:\php\php-8.5.4-nts-Win32-vs17-x64;C:\Program Files\dotnet\;C:\Program Files\NVIDIA Corporation\NVIDIA App\NvDLISR;C:\Program Files (x86)\NVIDIA Corporation\PhysX\Common;C:\Users\Catastrophia\AppData\Local\Python\pythoncore-3.14-64;C:\Program Files\Git\cmd;C:\Program Files (x86)\cloudflared\;C:\Users\Catastrophia\AppData\Local\agy\bin;C:\Users\Catastrophia\AppData\Local\Programs\Python\Python312;C:\Users\Catastrophia\AppData\Local\Programs\Python\Launcher\;C:\Users\Catastrophia\AppData\Local\Microsoft\WindowsApps;C:\Users\Catastrophia\AppData\Local\Programs\Microsoft VS Code\bin;C:\Users\Catastrophia\AppData\Local\Programs\Antigravity\bin;C:\Users\Catastrophia\AppData\Roaming\npm;C:\Users\Catastrophia\AppData\Roaming\Composer\vendor\bin;E:\php;C:\Users\Catastrophia\.dotnet\tools;C:\Users\Catastrophia\AppData\Local\Programs\Antigravity IDE\bin;C:\Program Files (x86)\cloudflared;C:\Users\Catastrophia\AppData\Local\spicetify;C:\Users\Catastrophia\AppData\Local\agy\bin;C:\Users\Catastrophia\AppData\Local\Python\pythoncore-3.14-64\Scripts;C:\tools\flutter\flutter\bin;C:\tools\android;;C:\Users\Catastrophia\AppData\AndroidCLI;C:\Users\Catastrophia\.antigravity-ide\extensions\redhat.java-1.55.0-win32-x64\jre\21.0.11-win32-x86_64\bin;C:\tools\flutter\flutter\bin\mingit\cmd
USERNAME=Catastrophia
OS=Windows_NT
PROCESSOR_IDENTIFIER=Intel64 Family 6 Model 158 Stepping 10, GenuineIntel
TMP=C:\Users\CATAST~1\AppData\Local\Temp
TEMP=C:\Users\CATAST~1\AppData\Local\Temp




Periodic native trim disabled

---------------  S Y S T E M  ---------------

OS:
 Windows 11 , 64 bit Build 26100 (10.0.26100.8521)
OS uptime: 0 days 3:58 hours

CPU: total 12 (initial active 12) (6 cores per cpu, 2 threads per core) family 6 model 158 stepping 10 microcode 0xf0, cx8, cmov, fxsr, ht, mmx, 3dnowpref, sse, sse2, sse3, ssse3, sse4.1, sse4.2, popcnt, lzcnt, tsc, tscinvbit, avx, avx2, aes, erms, clmul, bmi1, bmi2, adx, fma, vzeroupper, clflush, clflushopt, rdtscp, f16c
Processor Information for the first 12 processors :
  Max Mhz: 2208, Current Mhz: 2208, Mhz Limit: 2208

Memory: 4k page, system-wide physical 12059M (1055M free)
TotalPageFile size 18247M (AvailPageFile size 129M)
current process WorkingSet (physical memory assigned to process): 12M, peak: 12M
current process commit charge ("private bytes"): 64M, peak: 254M

vm_info: OpenJDK 64-Bit Server VM (21.0.11+10-LTS) for windows-amd64 JRE (21.0.11+10-LTS), built on 2026-04-21T00:00:00Z by "admin" with MS VC++ 17.12 (VS2022)

END.
